/var/lib/docker/containers/e3a212d26a04c205ba68b24bfc07322c7b932c53ada9ff9455232f9988666072/e3a212d26a04c205ba68b24bfc07322c7b932c53ada9ff9455232f9988666072-json.log
{"log":"2020-10-10 10:21:16.715  INFO 1 --- [           main] trationDelegate$BeanPostProcessorChecker : Bean 'org.springframework.cloud.autoconfigure.ConfigurationPropertiesRebinderAutoConfiguration' of type [org.springframework.cloud.autoconfigure.ConfigurationPropertiesRebinderAutoConfiguration$$EnhancerBySpringCGLIB$$b64749f1] is not eligible for getting processed by all BeanPostProcessors (for example: not eligible for auto-proxying)\n","stream":"stdout","time":"2020-10-10T10:21:16.727052308Z"}
{"log":"\n","stream":"stdout","time":"2020-10-10T10:21:17.47477652Z"}
{"log":"  .   ____          _            __ _ _\n","stream":"stdout","time":"2020-10-10T10:21:17.474801302Z"}
{"log":" /\\\\ / ___'_ __ _ _(_)_ __  __ _ \\ \\ \\ \\\n","stream":"stdout","time":"2020-10-10T10:21:17.474804697Z"}
{"log":"( ( )\\___ | '_ | '_| | '_ \\/ _` | \\ \\ \\ \\\n","stream":"stdout","time":"2020-10-10T10:21:17.474807722Z"}
{"log":" \\\\/  ___)| |_)| | | | | || (_| |  ) ) ) )\n","stream":"stdout","time":"2020-10-10T10:21:17.474810568Z"}
{"log":"  '  |____| .__|_| |_|_| |_\\__, | / / / /\n","stream":"stdout","time":"2020-10-10T10:21:17.474813296Z"}
{"log":" =========|_|==============|___/=/_/_/_/\n","stream":"stdout","time":"2020-10-10T10:21:17.474815924Z"}
{"log":" :: Spring Boot ::        (v2.1.4.RELEASE)\n","stream":"stdout","time":"2020-10-10T10:21:17.474818448Z"}
{"log":"\n","stream":"stdout","time":"2020-10-10T10:21:17.474820967Z"}
{"log":"2020-10-10 10:21:17.514  INFO 1 --- [           main] c.example.demo.EurekaServerApplication   : No active profile set, falling back to default profiles: default\n","stream":"stdout","time":"2020-10-10T10:21:17.5148146Z"}
{"log":"2020-10-10 10:21:19.751  WARN 1 --- [           main] o.s.boot.actuate.endpoint.EndpointId     : Endpoint ID 'service-registry' contains invalid characters, please migrate to a valid format.\n","stream":"stdout","time":"2020-10-10T10:21:19.752756216Z"}
{"log":"2020-10-10 10:21:20.579  INFO 1 --- [           main] o.s.cloud.context.scope.GenericScope     : BeanFactory id=70732503-b5f4-38d3-8aa5-7fe93f9c0d3b\n","stream":"stdout","time":"2020-10-10T10:21:20.582324414Z"}
{"log":"2020-10-10 10:21:20.961  INFO 1 --- [           main] trationDelegate$BeanPostProcessorChecker : Bean 'org.springframework.cloud.autoconfigure.ConfigurationPropertiesRebinderAutoConfiguration' of type [org.springframework.cloud.autoconfigure.ConfigurationPropertiesRebinderAutoConfiguration$$EnhancerBySpringCGLIB$$b64749f1] is not eligible for getting processed by all BeanPostProcessors (for example: not eligible for auto-proxying)\n","stream":"stdout","time":"2020-10-10T10:21:20.963057795Z"}
{"log":"2020-10-10 10:21:21.984  INFO 1 --- [           main] o.s.b.w.embedded.tomcat.TomcatWebServer  : Tomcat initialized with port(s): 8761 (http)\n","stream":"stdout","time":"2020-10-10T10:21:21.984861526Z"}
{"log":"2020-10-10 10:21:22.155  INFO 1 --- [           main] o.apache.catalina.core.StandardService   : Starting service [Tomcat]\n","stream":"stdout","time":"2020-10-10T10:21:22.156663597Z"}
{"log":"2020-10-10 10:21:22.156  INFO 1 --- [           main] org.apache.catalina.core.StandardEngine  : Starting Servlet engine: [Apache Tomcat/9.0.17]\n","stream":"stdout","time":"2020-10-10T10:21:22.156693134Z"}
{"log":"2020-10-10 10:21:22.447  INFO 1 --- [           main] o.a.c.c.C.[Tomcat].[localhost].[/]       : Initializing Spring embedded WebApplicationContext\n","stream":"stdout","time":"2020-10-10T10:21:22.448451769Z"}
{"log":"2020-10-10 10:21:22.448  INFO 1 --- [           main] o.s.web.context.ContextLoader            : Root WebApplicationContext: initialization completed in 4881 ms\n","stream":"stdout","time":"2020-10-10T10:21:22.448480964Z"}
{"log":"2020-10-10 10:21:22.801  WARN 1 --- [           main] c.n.c.sources.URLConfigurationSource     : No URLs will be polled as dynamic configuration sources.\n","stream":"stdout","time":"2020-10-10T10:21:22.803757091Z"}
{"log":"2020-10-10 10:21:22.801  INFO 1 --- [           main] c.n.c.sources.URLConfigurationSource     : To enable URLs as dynamic configuration sources, define System property archaius.configurationSource.additionalUrls or make config.properties available on classpath.\n","stream":"stdout","time":"2020-10-10T10:21:22.803785511Z"}
{"log":"2020-10-10 10:21:22.851  INFO 1 --- [           main] c.netflix.config.DynamicPropertyFactory  : DynamicPropertyFactory is initialized with configuration sources: com.netflix.config.ConcurrentCompositeConfiguration@7354b8c5\n","stream":"stdout","time":"2020-10-10T10:21:22.852511555Z"}
{"log":"2020-10-10 10:21:24.696  INFO 1 --- [           main] c.s.j.s.i.a.WebApplicationImpl           : Initiating Jersey application, version 'Jersey: 1.19.1 03/11/2016 02:08 PM'\n","stream":"stdout","time":"2020-10-10T10:21:24.697176763Z"}
{"log":"2020-10-10 10:21:24.959  INFO 1 --- [           main] c.n.d.provider.DiscoveryJerseyProvider   : Using JSON encoding codec LegacyJacksonJson\n","stream":"stdout","time":"2020-10-10T10:21:24.961638456Z"}
{"log":"2020-10-10 10:21:24.961  INFO 1 --- [           main] c.n.d.provider.DiscoveryJerseyProvider   : Using JSON decoding codec LegacyJacksonJson\n","stream":"stdout","time":"2020-10-10T10:21:24.961668736Z"}
{"log":"2020-10-10 10:21:25.434  INFO 1 --- [           main] c.n.d.provider.DiscoveryJerseyProvider   : Using XML encoding codec XStreamXml\n","stream":"stdout","time":"2020-10-10T10:21:25.436107051Z"}
{"log":"2020-10-10 10:21:25.434  INFO 1 --- [           main] c.n.d.provider.DiscoveryJerseyProvider   : Using XML decoding codec XStreamXml\n","stream":"stdout","time":"2020-10-10T10:21:25.436136559Z"}
{"log":"2020-10-10 10:21:26.314  WARN 1 --- [           main] o.s.c.n.a.ArchaiusAutoConfiguration      : No spring.application.name found, defaulting to 'application'\n","stream":"stdout","time":"2020-10-10T10:21:26.317768565Z"}
{"log":"2020-10-10 10:21:26.315  WARN 1 --- [           main] c.n.c.sources.URLConfigurationSource     : No URLs will be polled as dynamic configuration sources.\n","stream":"stdout","time":"2020-10-10T10:21:26.317799228Z"}
{"log":"2020-10-10 10:21:26.315  INFO 1 --- [           main] c.n.c.sources.URLConfigurationSource     : To enable URLs as dynamic configuration sources, define System property archaius.configurationSource.additionalUrls or make config.properties available on classpath.\n","stream":"stdout","time":"2020-10-10T10:21:26.317803012Z"}
{"log":"2020-10-10 10:21:26.839  INFO 1 --- [           main] o.s.s.concurrent.ThreadPoolTaskExecutor  : Initializing ExecutorService 'applicationTaskExecutor'\n","stream":"stdout","time":"2020-10-10T10:21:26.840926291Z"}
{"log":"2020-10-10 10:21:28.196  INFO 1 --- [           main] o.s.c.n.eureka.InstanceInfoFactory       : Setting initial instance status as: STARTING\n","stream":"stdout","time":"2020-10-10T10:21:28.197525871Z"}
{"log":"2020-10-10 10:21:28.299  INFO 1 --- [           main] com.netflix.discovery.DiscoveryClient    : Initializing Eureka in region us-east-1\n","stream":"stdout","time":"2020-10-10T10:21:28.300073361Z"}
{"log":"2020-10-10 10:21:28.299  INFO 1 --- [           main] com.netflix.discovery.DiscoveryClient    : Client configured to neither register nor query for data.\n","stream":"stdout","time":"2020-10-10T10:21:28.300102653Z"}
{"log":"2020-10-10 10:21:28.329  INFO 1 --- [           main] com.netflix.discovery.DiscoveryClient    : Discovery Client initialized at timestamp 1602325288328 with initial instances count: 0\n","stream":"stdout","time":"2020-10-10T10:21:28.330282397Z"}
{"log":"2020-10-10 10:21:28.425  INFO 1 --- [           main] c.n.eureka.DefaultEurekaServerContext    : Initializing ...\n","stream":"stdout","time":"2020-10-10T10:21:28.426018748Z"}
{"log":"2020-10-10 10:21:28.446  INFO 1 --- [           main] c.n.eureka.cluster.PeerEurekaNodes       : Adding new peer nodes [http://localhost:8761/eureka/]\n","stream":"stdout","time":"2020-10-10T10:21:28.44834358Z"}
{"log":"2020-10-10 10:21:28.907  INFO 1 --- [           main] c.n.d.provider.DiscoveryJerseyProvider   : Using JSON encoding codec LegacyJacksonJson\n","stream":"stdout","time":"2020-10-10T10:21:28.916835469Z"}
{"log":"2020-10-10 10:21:28.907  INFO 1 --- [           main] c.n.d.provider.DiscoveryJerseyProvider   : Using JSON decoding codec LegacyJacksonJson\n","stream":"stdout","time":"2020-10-10T10:21:28.916867101Z"}
{"log":"2020-10-10 10:21:28.907  INFO 1 --- [           main] c.n.d.provider.DiscoveryJerseyProvider   : Using XML encoding codec XStreamXml\n","stream":"stdout","time":"2020-10-10T10:21:28.916883315Z"}
{"log":"2020-10-10 10:21:28.907  INFO 1 --- [           main] c.n.d.provider.DiscoveryJerseyProvider   : Using XML decoding codec XStreamXml\n","stream":"stdout","time":"2020-10-10T10:21:28.916888923Z"}
{"log":"2020-10-10 10:21:29.244  INFO 1 --- [           main] c.n.eureka.cluster.PeerEurekaNodes       : Replica node URL:  http://localhost:8761/eureka/\n","stream":"stdout","time":"2020-10-10T10:21:29.244791217Z"}
{"log":"2020-10-10 10:21:29.278  INFO 1 --- [           main] c.n.e.registry.AbstractInstanceRegistry  : Finished initializing remote region registries. All known remote regions: []\n","stream":"stdout","time":"2020-10-10T10:21:29.279916659Z"}
{"log":"2020-10-10 10:21:29.279  INFO 1 --- [           main] c.n.eureka.DefaultEurekaServerContext    : Initialized\n","stream":"stdout","time":"2020-10-10T10:21:29.279947291Z"}
{"log":"2020-10-10 10:21:29.323  INFO 1 --- [           main] o.s.b.a.e.web.EndpointLinksResolver      : Exposing 2 endpoint(s) beneath base path '/actuator'\n","stream":"stdout","time":"2020-10-10T10:21:29.324861263Z"}
{"log":"2020-10-10 10:21:29.582  INFO 1 --- [           main] o.s.c.n.e.s.EurekaServiceRegistry        : Registering application UNKNOWN with eureka with status UP\n","stream":"stdout","time":"2020-10-10T10:21:29.58538653Z"}
{"log":"2020-10-10 10:21:29.613  INFO 1 --- [      Thread-11] o.s.c.n.e.server.EurekaServerBootstrap   : Setting the eureka configuration..\n","stream":"stdout","time":"2020-10-10T10:21:29.630268213Z"}
{"log":"2020-10-10 10:21:29.707  INFO 1 --- [      Thread-11] o.s.c.n.e.server.EurekaServerBootstrap   : isAws returned false\n","stream":"stdout","time":"2020-10-10T10:21:29.709331049Z"}
{"log":"2020-10-10 10:21:29.707  INFO 1 --- [      Thread-11] o.s.c.n.e.server.EurekaServerBootstrap   : Initialized server context\n","stream":"stdout","time":"2020-10-10T10:21:29.709361045Z"}
{"log":"2020-10-10 10:21:29.708  INFO 1 --- [      Thread-11] c.n.e.r.PeerAwareInstanceRegistryImpl    : Got 1 instances from neighboring DS node\n","stream":"stdout","time":"2020-10-10T10:21:29.709364643Z"}
{"log":"2020-10-10 10:21:29.708  INFO 1 --- [      Thread-11] c.n.e.r.PeerAwareInstanceRegistryImpl    : Renew threshold is: 1\n","stream":"stdout","time":"2020-10-10T10:21:29.709367502Z"}
{"log":"2020-10-10 10:21:29.708  INFO 1 --- [      Thread-11] c.n.e.r.PeerAwareInstanceRegistryImpl    : Changing status to UP\n","stream":"stdout","time":"2020-10-10T10:21:29.709370493Z"}
{"log":"2020-10-10 10:21:29.749  INFO 1 --- [           main] o.s.b.w.embedded.tomcat.TomcatWebServer  : Tomcat started on port(s): 8761 (http) with context path ''\n","stream":"stdout","time":"2020-10-10T10:21:29.750305918Z"}
{"log":"2020-10-10 10:21:29.777  INFO 1 --- [           main] .s.c.n.e.s.EurekaAutoServiceRegistration : Updating port to 8761\n","stream":"stdout","time":"2020-10-10T10:21:29.780567187Z"}
{"log":"2020-10-10 10:21:29.779  INFO 1 --- [           main] c.example.demo.EurekaServerApplication   : Started EurekaServerApplication in 15.967 seconds (JVM running for 17.645)\n","stream":"stdout","time":"2020-10-10T10:21:29.780591799Z"}
{"log":"2020-10-10 10:21:29.784  INFO 1 --- [      Thread-11] e.s.EurekaServerInitializerConfiguration : Started Eureka Server\n","stream":"stdout","time":"2020-10-10T10:21:29.785981169Z"}
{"log":"2020-10-10 10:22:29.734  INFO 1 --- [a-EvictionTimer] c.n.e.registry.AbstractInstanceRegistry  : Running the evict task with compensationTime 0ms\n","stream":"stdout","time":"2020-10-10T10:22:29.738965437Z"}
{"log":"2020-10-10 10:23:29.733  INFO 1 --- [a-EvictionTimer] c.n.e.registry.AbstractInstanceRegistry  : Running the evict task with compensationTime 0ms\n","stream":"stdout","time":"2020-10-10T10:23:29.737567545Z"}
{"log":"2020-10-10 10:24:29.734  INFO 1 --- [a-EvictionTimer] c.n.e.registry.AbstractInstanceRegistry  : Running the evict task with compensationTime 0ms\n","stream":"stdout","time":"2020-10-10T10:24:29.736339132Z"}
{"log":"2020-10-10 10:25:29.735  INFO 1 --- [a-EvictionTimer] c.n.e.registry.AbstractInstanceRegistry  : Running the evict task with compensationTime 0ms\n","stream":"stdout","time":"2020-10-10T10:25:29.738105764Z"}
{"log":"2020-10-10 10:26:29.736  INFO 1 --- [a-EvictionTimer] c.n.e.registry.AbstractInstanceRegistry  : Running the evict task with compensationTime 1ms\n","stream":"stdout","time":"2020-10-10T10:26:29.737431133Z"}
{"log":"2020-10-10 10:27:29.736  INFO 1 --- [a-EvictionTimer] c.n.e.registry.AbstractInstanceRegistry  : Running the evict task with compensationTime 0ms\n","stream":"stdout","time":"2020-10-10T10:27:29.73776479Z"}
{"log":"2020-10-10 10:28:29.736  INFO 1 --- [a-EvictionTimer] c.n.e.registry.AbstractInstanceRegistry  : Running the evict task with compensationTime 0ms\n","stream":"stdout","time":"2020-10-10T10:28:29.739344508Z"}
{"log":"2020-10-10 10:29:29.736  INFO 1 --- [a-EvictionTimer] c.n.e.registry.AbstractInstanceRegistry  : Running the evict task with compensationTime 0ms\n","stream":"stdout","time":"2020-10-10T10:29:29.739334072Z"}
{"log":"2020-10-10 10:30:29.737  INFO 1 --- [a-EvictionTimer] c.n.e.registry.AbstractInstanceRegistry  : Running the evict task with compensationTime 0ms\n","stream":"stdout","time":"2020-10-10T10:30:29.738191362Z"}
{"log":"2020-10-10 10:31:29.741  INFO 1 --- [a-EvictionTimer] c.n.e.registry.AbstractInstanceRegistry  : Running the evict task with compensationTime 3ms\n","stream":"stdout","time":"2020-10-10T10:31:29.742445049Z"}
{"log":"2020-10-10 10:32:29.741  INFO 1 --- [a-EvictionTimer] c.n.e.registry.AbstractInstanceRegistry  : Running the evict task with compensationTime 0ms\n","stream":"stdout","time":"2020-10-10T10:32:29.74246773Z"}
{"log":"2020-10-10 10:33:29.741  INFO 1 --- [a-EvictionTimer] c.n.e.registry.AbstractInstanceRegistry  : Running the evict task with compensationTime 0ms\n","stream":"stdout","time":"2020-10-10T10:33:29.743235457Z"}
{"log":"2020-10-10 10:34:29.742  INFO 1 --- [a-EvictionTimer] c.n.e.registry.AbstractInstanceRegistry  : Running the evict task with compensationTime 0ms\n","stream":"stdout","time":"2020-10-10T10:34:29.743235077Z"}
{"log":"2020-10-10 10:35:29.743  INFO 1 --- [a-EvictionTimer] c.n.e.registry.AbstractInstanceRegistry  : Running the evict task with compensationTime 1ms\n","stream":"stdout","time":"2020-10-10T10:35:29.748432777Z"}
{"log":"2020-10-10 10:36:29.280  INFO 1 --- [hresholdUpdater] c.n.e.r.PeerAwareInstanceRegistryImpl    : Current renewal threshold is : 1\n","stream":"stdout","time":"2020-10-10T10:36:29.281490096Z"}
{"log":"2020-10-10 10:36:29.744  INFO 1 --- [a-EvictionTimer] c.n.e.registry.AbstractInstanceRegistry  : Running the evict task with compensationTime 0ms\n","stream":"stdout","time":"2020-10-10T10:36:29.745108418Z"}
{"log":"2020-10-10 10:37:29.744  INFO 1 --- [a-EvictionTimer] c.n.e.registry.AbstractInstanceRegistry  : Running the evict task with compensationTime 0ms\n","stream":"stdout","time":"2020-10-10T10:37:29.745575088Z"}
{"log":"2020-10-10 10:38:29.743  INFO 1 --- [a-EvictionTimer] c.n.e.registry.AbstractInstanceRegistry  : Running the evict task with compensationTime 0ms\n","stream":"stdout","time":"2020-10-10T10:38:29.744369821Z"}
{"log":"2020-10-10 10:39:29.743  INFO 1 --- [a-EvictionTimer] c.n.e.registry.AbstractInstanceRegistry  : Running the evict task with compensationTime 0ms\n","stream":"stdout","time":"2020-10-10T10:39:29.743900195Z"}
{"log":"2020-10-10 10:40:29.744  INFO 1 --- [a-EvictionTimer] c.n.e.registry.AbstractInstanceRegistry  : Running the evict task with compensationTime 0ms\n","stream":"stdout","time":"2020-10-10T10:40:29.745555721Z"}
{"log":"2020-10-10 10:41:29.745  INFO 1 --- [a-EvictionTimer] c.n.e.registry.AbstractInstanceRegistry  : Running the evict task with compensationTime 1ms\n","stream":"stdout","time":"2020-10-10T10:41:29.749080878Z"}
{"log":"2020-10-10 10:42:29.746  INFO 1 --- [a-EvictionTimer] c.n.e.registry.AbstractInstanceRegistry  : Running the evict task with compensationTime 0ms\n","stream":"stdout","time":"2020-10-10T10:42:29.747424242Z"}
{"log":"2020-10-10 10:43:29.746  INFO 1 --- [a-EvictionTimer] c.n.e.registry.AbstractInstanceRegistry  : Running the evict task with compensationTime 0ms\n","stream":"stdout","time":"2020-10-10T10:43:29.74795999Z"}
{"log":"2020-10-10 10:44:29.747  INFO 1 --- [a-EvictionTimer] c.n.e.registry.AbstractInstanceRegistry  : Running the evict task with compensationTime 0ms\n","stream":"stdout","time":"2020-10-10T10:44:29.748832908Z"}
{"log":"2020-10-10 10:45:29.748  INFO 1 --- [a-EvictionTimer] c.n.e.registry.AbstractInstanceRegistry  : Running the evict task with compensationTime 0ms\n","stream":"stdout","time":"2020-10-10T10:45:29.74946335Z"}
{"log":"2020-10-10 10:46:29.748  INFO 1 --- [a-EvictionTimer] c.n.e.registry.AbstractInstanceRegistry  : Running the evict task with compensationTime 0ms\n","stream":"stdout","time":"2020-10-10T10:46:29.750332081Z"}
